<?xml version="1.0" encoding="UTF-8"?>
<!-- Generated by org.testng.reporters.JUnitReportReporter -->
<testsuite hostname="LTIN485891" failures="0" tests="4" name="testCases.TC_01" time="25.824" errors="0" timestamp="2024-04-04T11:00:43 IST" skipped="0">
  <testcase classname="testCases.TC_01" name="checkLocations" time="8.014"/>
  <testcase classname="testCases.TC_01" name="checkSpecialist" time="0.323"/>
  <testcase classname="testCases.TC_01" name="checkUrl" time="0.325"/>
  <testcase classname="testCases.TC_01" name="checkDoctorDetials" time="17.162"/>
</testsuite> <!-- testCases.TC_01 -->
