<?xml version="1.0" encoding="UTF-8"?>
<!-- Generated by org.testng.reporters.JUnitReportReporter -->
<testsuite hostname="LTIN485891" failures="0" tests="2" name="testCases.TC_03" time="9.220" errors="0" timestamp="2024-04-04T11:00:43 IST" skipped="0">
  <testcase classname="testCases.TC_03" name="checkDemoPageOpened" time="7.762"/>
  <testcase classname="testCases.TC_03" name="validateForm_Invalid_Detials" time="1.458"/>
</testsuite> <!-- testCases.TC_03 -->
