<?xml version="1.0" encoding="UTF-8"?>
<!-- Generated by org.testng.reporters.JUnitReportReporter -->
<testsuite hostname="LTIN485891" failures="0" tests="2" name="testCases.TC_02" time="2.732" errors="0" timestamp="2024-04-04T11:00:43 IST" skipped="0">
  <testcase classname="testCases.TC_02" name="checkSurgiersPageOpened" time="1.936"/>
  <testcase classname="testCases.TC_02" name="printSurgeries" time="0.796"/>
</testsuite> <!-- testCases.TC_02 -->
