<?xml version="1.0" encoding="UTF-8"?>
<!-- Generated by org.testng.reporters.JUnitReportReporter -->
<testsuite hostname="LTIN485891" failures="0" tests="2" name="testCases.TC_04" time="12.725" errors="0" timestamp="2024-04-04T11:00:43 IST" skipped="0">
  <testcase classname="testCases.TC_04" name="checkDemoPageOpened" time="9.064"/>
  <testcase classname="testCases.TC_04" name="validateForm_Valid_Detials" time="3.661"/>
</testsuite> <!-- testCases.TC_04 -->
