<?xml version="1.0" encoding="UTF-8"?>
<!-- Generated by org.testng.reporters.JUnitReportReporter -->
<testsuite hostname="LTIN485891" failures="0" tests="1" name="testCases.TC_05" time="38.702" errors="0" timestamp="2024-04-04T11:00:43 IST" skipped="0">
  <testcase classname="testCases.TC_05" name="endToEnd" time="38.702"/>
</testsuite> <!-- testCases.TC_05 -->
